<?xml version="1.0" encoding="UTF-8"?>
<!-- Generated by org.testng.reporters.JUnitReportReporter -->
<testsuite hostname="MyLenevo1208" failures="0" tests="8" name="api.test.DataDrivenTests" time="10.319" errors="0" timestamp="2025-09-15T02:06:45 IST" skipped="0">
  <testcase classname="api.test.DataDrivenTests" name="testPostUser" time="0.002"/>
  <testcase classname="api.test.DataDrivenTests" name="testPostUser" time="1.478"/>
  <testcase classname="api.test.DataDrivenTests" name="testPostUser" time="3.072"/>
  <testcase classname="api.test.DataDrivenTests" name="testPostUser" time="1.494"/>
  <testcase classname="api.test.DataDrivenTests" name="testDeleteUserByName" time="1.343"/>
  <testcase classname="api.test.DataDrivenTests" name="testDeleteUserByName" time="1.420"/>
  <testcase classname="api.test.DataDrivenTests" name="testDeleteUserByName" time="0.002"/>
  <testcase classname="api.test.DataDrivenTests" name="testDeleteUserByName" time="1.508"/>
</testsuite> <!-- api.test.DataDrivenTests -->
