<?xml version="1.0" encoding="UTF-8"?>
<!-- Generated by org.testng.reporters.JUnitReportReporter -->
<testsuite hostname="MyLenevo1208" failures="0" tests="4" name="api.test.UserTests2" time="9.680" errors="0" timestamp="2025-09-20T21:30:32 IST" skipped="0">
  <testcase classname="api.test.UserTests2" name="testPostUser" time="2.743"/>
  <testcase classname="api.test.UserTests2" name="testGetUserByName" time="1.297"/>
  <testcase classname="api.test.UserTests2" name="testUpdateUserByName" time="3.018"/>
  <testcase classname="api.test.UserTests2" name="testDeleteUserByName" time="2.622"/>
</testsuite> <!-- api.test.UserTests2 -->
