<?xml version="1.0" encoding="UTF-8"?>
<!-- Generated by org.testng.reporters.JUnitReportReporter -->
<testsuite hostname="MyLenevo1208" failures="0" tests="4" name="api.test.UserTests" time="11.048" errors="0" timestamp="2025-09-15T00:20:07 IST" skipped="0">
  <testcase classname="api.test.UserTests" name="testPostUser" time="3.151"/>
  <testcase classname="api.test.UserTests" name="testGetUserByName" time="1.558"/>
  <testcase classname="api.test.UserTests" name="testUpdateUserByName" time="3.567"/>
  <testcase classname="api.test.UserTests" name="testDeleteUserByName" time="2.772"/>
</testsuite> <!-- api.test.UserTests -->
